<?xml version="1.0" encoding="UTF-8"?>
<testsuite xmlns:xsi="http://www.w3.org/2001/XMLSchema-instance" xsi:noNamespaceSchemaLocation="https://maven.apache.org/surefire/maven-surefire-plugin/xsd/surefire-test-report.xsd" name="ru.netology.domain.RadioTest" time="0.027" tests="16" errors="0" skipped="0" failures="0">
  <properties>
[...]
</properties>
  <testcase name="shouldCurrentVolume2" classname="ru.netology.domain.RadioTest" time="0.013"/>
  <testcase name="shouldCurrentVolume3" classname="ru.netology.domain.RadioTest" time="0"/>
  <testcase name="shouldNextRadioStation" classname="ru.netology.domain.RadioTest" time="0.001"/>
  <testcase name="shouldIncreaseVolume2" classname="ru.netology.domain.RadioTest" time="0"/>
  <testcase name="shouldIncreaseVolume" classname="ru.netology.domain.RadioTest" time="0.001"/>
  <testcase name="shouldDecreaseVolume2" classname="ru.netology.domain.RadioTest" time="0"/>
  <testcase name="currentRadioStations2" classname="ru.netology.domain.RadioTest" time="0"/>
  <testcase name="currentRadioStations3" classname="ru.netology.domain.RadioTest" time="0"/>
  <testcase name="shouldDecreaseVolume" classname="ru.netology.domain.RadioTest" time="0"/>
  <testcase name="shouldPreviousRadioStation" classname="ru.netology.domain.RadioTest" time="0"/>
  <testcase name="shouldNextRadioStation2" classname="ru.netology.domain.RadioTest" time="0"/>
  <testcase name="shouldNextRadioStation3" classname="ru.netology.domain.RadioTest" time="0"/>
  <testcase name="shouldCurrentVolume" classname="ru.netology.domain.RadioTest" time="0"/>
  <testcase name="currentRadioStations" classname="ru.netology.domain.RadioTest" time="0"/>
  <testcase name="shouldPreviousRadioStation2" classname="ru.netology.domain.RadioTest" time="0"/>
  <testcase name="shouldPreviousRadioStation3" classname="ru.netology.domain.RadioTest" time="0.001"/>
</testsuite>